Virtual User Script started at: 27-02-2024 11:42:25
Starting action vuser_init.
Web Turbo Replay of LoadRunner 2023.0.0 for Windows 10; build 506 (Mar 08 2023 13:11:40)  	[MsgId: MMSG-26983]
Run mode: HTML  	[MsgId: MMSG-26993]
Replay user agent: Mozilla/5.0 (Windows NT 10.0; Win64; x64) AppleWebKit/537.36 (KHTML, like Gecko) Chrome/121.0.0.0 Safari/537.36  	[MsgId: MMSG-26988]
Runtime Settings file: "D:\Final\orangehrm\orange\\default.cfg"  	[MsgId: MMSG-27141]
vuser_init.c(3): web_set_sockets_option started  	[MsgId: MMSG-26355]
vuser_init.c(3): web_set_sockets_option was successful  	[MsgId: MMSG-26392]
vuser_init.c(5): web_set_sockets_option started  	[MsgId: MMSG-26355]
vuser_init.c(5): web_set_sockets_option was successful  	[MsgId: MMSG-26392]
vuser_init.c(9): web_reg_save_param_ex started  	[MsgId: MMSG-26355]
vuser_init.c(9): Registering web_reg_save_param_ex was successful  	[MsgId: MMSG-26390]
vuser_init.c(19): web_url("opensource-demo.orangehrmlive.com") started  	[MsgId: MMSG-26355]
vuser_init.c(19): Redirecting "https://opensource-demo.orangehrmlive.com/" (redirection depth is 0)  	[MsgId: MMSG-26694]
vuser_init.c(19): To location "https://opensource-demo.orangehrmlive.com/web/index.php/auth/login"  	[MsgId: MMSG-26693]
vuser_init.c(19): Found resource "https://opensource-demo.orangehrmlive.com/web/dist/css/chunk-vendors.css?v=1706326081969" in HTML "https://opensource-demo.orangehrmlive.com/web/index.php/auth/login"  	[MsgId: MMSG-26659]
vuser_init.c(19): Found resource "https://opensource-demo.orangehrmlive.com/web/dist/css/app.css?v=1706326081969" in HTML "https://opensource-demo.orangehrmlive.com/web/index.php/auth/login"  	[MsgId: MMSG-26659]
vuser_init.c(19): Found resource "https://opensource-demo.orangehrmlive.com/web/dist/js/chunk-vendors.js?v=1706326081969" in HTML "https://opensource-demo.orangehrmlive.com/web/index.php/auth/login"  	[MsgId: MMSG-26659]
vuser_init.c(19): Found resource "https://opensource-demo.orangehrmlive.com/web/dist/js/app.js?v=1706326081969" in HTML "https://opensource-demo.orangehrmlive.com/web/index.php/auth/login"  	[MsgId: MMSG-26659]
vuser_init.c(19): Notify: Saving Parameter "_token = b6adb8c37849d.7IUT__gBTLd95TDJuA-Ald56KsTecTqCg-NCrmzdsAM.wcMgi7AwFs4R0lmQzHvU57lPTJaYIXTRz6Z0wDqNxHCP03CZs2QO7hKMfQ".
vuser_init.c(19): web_url("opensource-demo.orangehrmlive.com") was successful, 3530840 body bytes, 6637 header bytes, 12 chunking overhead bytes  	[MsgId: MMSG-26385]
vuser_init.c(28): web_set_sockets_option started  	[MsgId: MMSG-26355]
vuser_init.c(28): web_set_sockets_option was successful  	[MsgId: MMSG-26392]
vuser_init.c(30): web_url("messages") started  	[MsgId: MMSG-26355]
vuser_init.c(30): web_url("messages") was successful, 100873 body bytes, 1138 header bytes, 116 chunking overhead bytes  	[MsgId: MMSG-26385]
Ending action vuser_init.
Running Vuser...
Starting iteration 1.
Warning -27077: The "vuser_init" section contains web function(s) when the "Simulate a new user on each iteration" Runtime Setting is ON.  This may produce unpredictable results with multiple iterations  	[MsgId: MWAR-27077]
Maximum number of concurrent connections per server: 6  	[MsgId: MMSG-26989]
Starting action Login_Info.
Login_Info.c(6): web_submit_data("validate") started  	[MsgId: MMSG-26355]
Login_Info.c(6): Notify: Parameter Substitution: parameter "_token" =  "b6adb8c37849d.7IUT__gBTLd95TDJuA-Ald56KsTecTqCg-NCrmzdsAM.wcMgi7AwFs4R0lmQzHvU57lPTJaYIXTRz6Z0wDqNxHCP03CZs2QO7hKMfQ"
Login_Info.c(6): Notify: Parameter Substitution: parameter "username" =  "Admin"
Login_Info.c(6): Notify: Parameter Substitution: parameter "Pass" =  "admin123"
Login_Info.c(6): Redirecting "https://opensource-demo.orangehrmlive.com/web/index.php/auth/validate" (redirection depth is 0)  	[MsgId: MMSG-26694]
Login_Info.c(6): To location "https://opensource-demo.orangehrmlive.com/web/index.php/dashboard/index"  	[MsgId: MMSG-26693]
Login_Info.c(6): Resource "https://opensource-demo.orangehrmlive.com/web/dist/css/chunk-vendors.css?v=1706326081969" is in the cache already and will not be downloaded again  	[MsgId: MMSG-26655]
Login_Info.c(6): Resource "https://opensource-demo.orangehrmlive.com/web/dist/css/app.css?v=1706326081969" is in the cache already and will not be downloaded again  	[MsgId: MMSG-26655]
Login_Info.c(6): Resource "https://opensource-demo.orangehrmlive.com/web/dist/js/chunk-vendors.js?v=1706326081969" is in the cache already and will not be downloaded again  	[MsgId: MMSG-26655]
Login_Info.c(6): Resource "https://opensource-demo.orangehrmlive.com/web/dist/js/app.js?v=1706326081969" is in the cache already and will not be downloaded again  	[MsgId: MMSG-26655]
Login_Info.c(6): web_submit_data("validate") was successful, 7157 body bytes, 2297 header bytes, 31 chunking overhead bytes  	[MsgId: MMSG-26385]
Login_Info.c(19): web_url("time-at-work") started  	[MsgId: MMSG-26355]
Login_Info.c(19): web_url("time-at-work") was successful, 1179 body bytes, 1048 header bytes, 12 chunking overhead bytes  	[MsgId: MMSG-26385]
Login_Info.c(28): web_set_sockets_option started  	[MsgId: MMSG-26355]
Login_Info.c(28): web_set_sockets_option was successful  	[MsgId: MMSG-26392]
Login_Info.c(30): web_url("action-summary") started  	[MsgId: MMSG-26355]
Login_Info.c(30): web_url("action-summary") was successful, 159 body bytes, 1048 header bytes, 11 chunking overhead bytes  	[MsgId: MMSG-26385]
Login_Info.c(39): web_url("shortcuts") started  	[MsgId: MMSG-26355]
Login_Info.c(39): web_url("shortcuts") was successful, 183 body bytes, 1048 header bytes, 11 chunking overhead bytes  	[MsgId: MMSG-26385]
Login_Info.c(48): web_url("feed") started  	[MsgId: MMSG-26355]
Login_Info.c(48): web_url("feed") was successful, 2691 body bytes, 1048 header bytes, 12 chunking overhead bytes  	[MsgId: MMSG-26385]
Login_Info.c(57): web_set_sockets_option started  	[MsgId: MMSG-26355]
Login_Info.c(57): web_set_sockets_option was successful  	[MsgId: MMSG-26392]
Login_Info.c(59): web_url("leaves") started  	[MsgId: MMSG-26355]
Login_Info.c(59): web_url("leaves") was successful, 66 body bytes, 1048 header bytes, 11 chunking overhead bytes  	[MsgId: MMSG-26385]
Login_Info.c(68): web_url("locations") started  	[MsgId: MMSG-26355]
Login_Info.c(68): web_url("locations") was successful, 272 body bytes, 1048 header bytes, 12 chunking overhead bytes  	[MsgId: MMSG-26385]
Login_Info.c(77): web_url("subunit") started  	[MsgId: MMSG-26355]
Login_Info.c(77): web_url("subunit") was successful, 324 body bytes, 1048 header bytes, 12 chunking overhead bytes  	[MsgId: MMSG-26385]
Login_Info.c(86): web_custom_request("push") started  	[MsgId: MMSG-26355]
Login_Info.c(86): web_custom_request("push") was successful, 0 body bytes, 1056 header bytes, 5 chunking overhead bytes  	[MsgId: MMSG-26385]
Login_Info.c(99): web_url("viewAdminModule") started  	[MsgId: MMSG-26355]
Login_Info.c(99): Redirecting "https://opensource-demo.orangehrmlive.com/web/index.php/admin/viewAdminModule" (redirection depth is 0)  	[MsgId: MMSG-26694]
Login_Info.c(99): To location "https://opensource-demo.orangehrmlive.com/web/index.php/admin/viewSystemUsers"  	[MsgId: MMSG-26693]
Login_Info.c(99): Resource "https://opensource-demo.orangehrmlive.com/web/dist/css/chunk-vendors.css?v=1706326081969" is in the cache already and will not be downloaded again  	[MsgId: MMSG-26655]
Login_Info.c(99): Resource "https://opensource-demo.orangehrmlive.com/web/dist/css/app.css?v=1706326081969" is in the cache already and will not be downloaded again  	[MsgId: MMSG-26655]
Login_Info.c(99): Resource "https://opensource-demo.orangehrmlive.com/web/dist/js/chunk-vendors.js?v=1706326081969" is in the cache already and will not be downloaded again  	[MsgId: MMSG-26655]
Login_Info.c(99): Resource "https://opensource-demo.orangehrmlive.com/web/dist/js/app.js?v=1706326081969" is in the cache already and will not be downloaded again  	[MsgId: MMSG-26655]
Login_Info.c(99): web_url("viewAdminModule") was successful, 10332 body bytes, 2204 header bytes, 32 chunking overhead bytes  	[MsgId: MMSG-26385]
Login_Info.c(108): web_url("users") started  	[MsgId: MMSG-26355]
Login_Info.c(108): web_url("users") was successful, 4876 body bytes, 1048 header bytes, 19 chunking overhead bytes  	[MsgId: MMSG-26385]
Login_Info.c(119): web_custom_request("json") started  	[MsgId: MMSG-26355]
Login_Info.c(119): Warning: The string '"fp":"1.aeedb246d19256a956fedaa89fb62423ae5bd8855a2a1f3189161cf045645a19"' with parameter delimiters is not a parameter.
Login_Info.c(119): Warning: The string '05ca17e4-845c-4a2e-bc42-19ffddc9e4ea' with parameter delimiters is not a parameter.
Login_Info.c(119): Warning: The string '' with parameter delimiters is not a parameter.
Login_Info.c(119): Warning: The string '"fp":"1.c900ba9a2d8318263fd43782ee6fd5fb50bad78bf0eb2c972b5922c458af45ed"' with parameter delimiters is not a parameter.
Login_Info.c(119): Warning: The string 'aa1aad2e-3575-4283-94d9-b670755cae18' with parameter delimiters is not a parameter.
Login_Info.c(119): Warning: The string '' with parameter delimiters is not a parameter.
Login_Info.c(119): Warning: The string 'bee3a802-9525-43d5-a554-7b0757411124' with parameter delimiters is not a parameter.
Login_Info.c(119): Warning: The string '' with parameter delimiters is not a parameter.
Login_Info.c(119): Warning: The string '"fp":"1.cd1978742a4afdbaaa15bf712d5c90bef4144caa99024df98f6a9ad58043ae85"' with parameter delimiters is not a parameter.
Login_Info.c(119): Warning: The string '936e0830-dbd5-4f1f-8c14-811152602524' with parameter delimiters is not a parameter.
Login_Info.c(119): Warning: The string '' with parameter delimiters is not a parameter.
Login_Info.c(119): Warning: The string '"fp":"1.b9685d1e3054ce061c8c804b6e8983c6f62deb37d3882c2de2ef300666e91af3"' with parameter delimiters is not a parameter.
Login_Info.c(119): Warning: The string '9954ca1c-2f25-4a7e-90d0-bf6b9bc602a6' with parameter delimiters is not a parameter.
Login_Info.c(119): Warning: The string '' with parameter delimiters is not a parameter.
Login_Info.c(119): Warning: The string '"fp":"1.5bdc69c131996e6e6abeeba649e5a21c2f62a0b40bce413f8a728108c0d4fe06"' with parameter delimiters is not a parameter.
Login_Info.c(119): Warning: The string 'b00c4476-04f5-47aa-b3a7-ad3f631edbe2' with parameter delimiters is not a parameter.
Login_Info.c(119): Warning: The string '' with parameter delimiters is not a parameter.
Login_Info.c(119): Warning: The string '"fp":"1.4a6508925b2ffec931c1e3931ddeb15ca41d820a8264cd5a962b526e9932bcdf"' with parameter delimiters is not a parameter.
Login_Info.c(119): Warning: The string '4b37128f-5212-412e-a5b0-3ab481a4b3e9' with parameter delimiters is not a parameter.
Login_Info.c(119): Warning: The string '' with parameter delimiters is not a parameter.
Login_Info.c(119): Warning: The string '"fp":"1.46b92bf5307e088ea1ef90e34fbf742f96913fceb07874a85814ca16443c1ba2"' with parameter delimiters is not a parameter.
Login_Info.c(119): Warning: The string '50e30efa-eb50-4a21-85bb-081747a808fa' with parameter delimiters is not a parameter.
Login_Info.c(119): Warning: The string '' with parameter delimiters is not a parameter.
Login_Info.c(119): Warning: The string '"fp":"1.fd515ec0dc30d25a09641b8b83729234bc50f4511e35ce17d24fd996252eaace"' with parameter delimiters is not a parameter.
Login_Info.c(119): Warning: The string '0e278462-30ff-46b9-bfcf-88c8113e90cf' with parameter delimiters is not a parameter.
Login_Info.c(119): Warning: The string '' with parameter delimiters is not a parameter.
Login_Info.c(119): Warning: The string '"fp":"1.f4f1eb04881095d1cc8f2e1799a8144c10476dc1088a03ecdb4418644040a554"' with parameter delimiters is not a parameter.
Login_Info.c(119): Warning: The string '03233833-6071-4a99-ab2b-556d425aa419' with parameter delimiters is not a parameter.
Login_Info.c(119): Warning: The string '' with parameter delimiters is not a parameter.
Login_Info.c(119): Warning: The string '"fp":"1.2bbe3ea9e0deb819a944af91f663d6b00cd35ac607cbf6aa09aa71683616d39c"' with parameter delimiters is not a parameter.
Login_Info.c(119): Warning: The string '5c53f8f2-8331-4fa8-af10-622e906e0369' with parameter delimiters is not a parameter.
Login_Info.c(119): Warning: The string '' with parameter delimiters is not a parameter.
Login_Info.c(119): Warning: The string '"fp":"1.3a118962ef814c91f6476bb9f0de58afa63103af6ac1b8729be9b39a86789e96"' with parameter delimiters is not a parameter.
Login_Info.c(119): Warning: The string 'b366c0ef-659a-40ed-972e-d0d4972a2da9' with parameter delimiters is not a parameter.
Login_Info.c(119): Warning: The string '' with parameter delimiters is not a parameter.
Login_Info.c(119): Warning: The string 'c6ab99ea-da57-41b0-b696-c8c082f9366e' with parameter delimiters is not a parameter.
Login_Info.c(119): Warning: The string '' with parameter delimiters is not a parameter.
Login_Info.c(119): Warning: The string '"fp":"1.a8a79d350c2a5e3bc36226633a8e0bed0dfab184e77f38fc8f0820ebacf8eafc"' with parameter delimiters is not a parameter.
Login_Info.c(119): Warning: The string '37572203-5a55-4051-bec8-95f477478e49' with parameter delimiters is not a parameter.
Login_Info.c(119): Warning: The string '' with parameter delimiters is not a parameter.
Login_Info.c(119): Warning: The string '"fp":"1.1379eef506ab6fba0188245b16a8443df9500ddd8553bfb2f6f3903f4a7c6e1a"' with parameter delimiters is not a parameter.
Login_Info.c(119): Warning: The string 'b2d610d4-d343-4345-b0bf-c53fdaf3fbc0' with parameter delimiters is not a parameter.
Login_Info.c(119): Warning: The string '' with parameter delimiters is not a parameter.
Login_Info.c(119): Warning: The string '"fp":"1.af8fa6822a4a3a4aeaf78dd2b562b3b76ed3ef0b362f8ebc822df79717c996df"' with parameter delimiters is not a parameter.
Login_Info.c(119): Warning: The string '9b811de7-bfaa-4c8e-a3c3-5a008ac9f412' with parameter delimiters is not a parameter.
Login_Info.c(119): Warning: The string '' with parameter delimiters is not a parameter.
Login_Info.c(119): Warning: The string '"fp":"1.c45cd56a0a8da0883c8f9757b31891d6c628f38cb80724015ffdf33b419a73f3"' with parameter delimiters is not a parameter.
Login_Info.c(119): Warning: The string '5e69970a-06c7-43f9-babc-f0a30e6ed962' with parameter delimiters is not a parameter.
Login_Info.c(119): Warning: The string '' with parameter delimiters is not a parameter.
Login_Info.c(119): Warning: The string '"fp":"1.c52c62a7c50daf7d3f73ec16977cd4b0ea401710807d5dbe3850941dd1b73a70"' with parameter delimiters is not a parameter.
Login_Info.c(119): Warning: The string 'fdac1196-b555-4234-8d09-63a74eb72eca' with parameter delimiters is not a parameter.
Login_Info.c(119): Warning: The string '' with parameter delimiters is not a parameter.
Login_Info.c(119): Warning: The string '"fp":"1.545666a4efd056351597bb386aea1368105ededc976ed5650d8682daab9f37ff"' with parameter delimiters is not a parameter.
Login_Info.c(119): Warning: The string '86a6cf32-91cb-4acd-8dbc-588b9e23ee20' with parameter delimiters is not a parameter.
Login_Info.c(119): Warning: The string '' with parameter delimiters is not a parameter.
Login_Info.c(119): Warning: The string '"fp":"1.3b3032a3bd20c3e81a87097ee894dce4d4d94fa1bc937483353981e48033c4f9"' with parameter delimiters is not a parameter.
Login_Info.c(119): Warning: The string '198396ce-e2f3-481a-8a95-6cc16a5fe0d0' with parameter delimiters is not a parameter.
Login_Info.c(119): Warning: The string '' with parameter delimiters is not a parameter.
Login_Info.c(119): Warning: The string '"fp":"1.c64c9c1008f3ba5f6e18b3ca524bc98dcd8acfae0a2720a8f1f3ef0f8d643d05"' with parameter delimiters is not a parameter.
Login_Info.c(119): Warning: The string '5dcf7241-e565-4d7e-bdae-721b9b9cc662' with parameter delimiters is not a parameter.
Login_Info.c(119): Warning: The string '' with parameter delimiters is not a parameter.
Login_Info.c(119): Warning: The string '"fp":"1.5eb999428f0762c5d05ef5b922c551c2dc27c134c4d10fb57e27c24c28d00c5a"' with parameter delimiters is not a parameter.
Login_Info.c(119): Warning: The string 'bbf0a91f-0b6a-4fd4-bfe7-f6778f4b5aec' with parameter delimiters is not a parameter.
Login_Info.c(119): Warning: The string '' with parameter delimiters is not a parameter.
Login_Info.c(119): Warning: The string '"avx":true,"physmemory":12,"sse":true,"sse2":true,"sse3":true,"sse41":true,"sse42":true,"ssse3":true' with parameter delimiters is not a parameter.
Login_Info.c(119): Warning: The string '"arch":"x86_64","platform":"Windows","version":"10.0.19045.3324"' with parameter delimiters is not a parameter.
Login_Info.c(119): Warning: The string 'deeae7f7-132a-404a-b5a9-7613f209bd45' with parameter delimiters is not a parameter.
Login_Info.c(119): Warning: The string '4db31086-d71b-41b9-9eb7-cb1c727fa586' with parameter delimiters is not a parameter.
Login_Info.c(119): Warning: The string '"autoupdatecheckenabled":true,"ismachine":true,"lastchecked":0,"laststarted":0,"name":"Omaha","updatepolicy":-1,"version":"1.3.36.372"' with parameter delimiters is not a parameter.
Login_Info.c(119): web_custom_request("json") was successful, 954 body bytes, 1085 header bytes  	[MsgId: MMSG-26386]
Login_Info.c(152): web_url("employees") started  	[MsgId: MMSG-26355]
Login_Info.c(152): web_url("employees") was successful, 491 body bytes, 1048 header bytes, 12 chunking overhead bytes  	[MsgId: MMSG-26385]
Login_Info.c(163): web_custom_request("json_2") started  	[MsgId: MMSG-26355]
Login_Info.c(163): Warning: The string '"download_time_ms":24351,"downloaded":3692,"downloader":"bits","eventresult":1,"eventtype":14,"nextversion":"2024.2.26.0","previousversion":"2024.2.23.0","total":3692,"url":"http://edgedl.me.gvt1.com/edgedl/diffgen-puffin/niikhdgajlphfehepabhhblakbdgeefj/1.e19e4ee6a456b7a340b8c31683061cda8005cd4a1414db5bbf68a8970003c034/1.46b92bf5307e088ea1ef90e34fbf742f96913fceb07874a85814ca16443c1ba2/c9ea1fe5eee198e5bd19191b7ee202f448a71fbe125f86fee55e4bdc421af99d.puff"' with parameter delimiters is not a parameter.
Login_Info.c(163): Warning: The string '"diffresult":1,"eventresult":1,"eventtype":3,"nextfp":"1.e19e4ee6a456b7a340b8c31683061cda8005cd4a1414db5bbf68a8970003c034","nextversion":"2024.2.26.0","previousfp":"1.46b92bf5307e088ea1ef90e34fbf742f96913fceb07874a85814ca16443c1ba2","previousversion":"2024.2.23.0"' with parameter delimiters is not a parameter.
Login_Info.c(163): Warning: The string '"fp":"1.e19e4ee6a456b7a340b8c31683061cda8005cd4a1414db5bbf68a8970003c034"' with parameter delimiters is not a parameter.
Login_Info.c(163): Warning: The string '"avx":true,"physmemory":12,"sse":true,"sse2":true,"sse3":true,"sse41":true,"sse42":true,"ssse3":true' with parameter delimiters is not a parameter.
Login_Info.c(163): Warning: The string '"arch":"x86_64","platform":"Windows","version":"10.0.19045.3324"' with parameter delimiters is not a parameter.
Login_Info.c(163): Warning: The string '97af243b-99ca-4890-bfcd-8d1dfb979d99' with parameter delimiters is not a parameter.
Login_Info.c(163): Warning: The string '4db31086-d71b-41b9-9eb7-cb1c727fa586' with parameter delimiters is not a parameter.
Login_Info.c(163): web_custom_request("json_2") was successful, 172 body bytes, 637 header bytes  	[MsgId: MMSG-26386]
Login_Info.c(178): web_url("employees_2") started  	[MsgId: MMSG-26355]
Login_Info.c(178): web_url("employees_2") was successful, 6091 body bytes, 1048 header bytes, 19 chunking overhead bytes  	[MsgId: MMSG-26385]
Login_Info.c(187): web_url("employees_3") started  	[MsgId: MMSG-26355]
Login_Info.c(187): web_url("employees_3") was successful, 491 body bytes, 1048 header bytes, 12 chunking overhead bytes  	[MsgId: MMSG-26385]
Login_Info.c(196): web_custom_request("json_3") started  	[MsgId: MMSG-26355]
Login_Info.c(196): Warning: The string '"download_time_ms":4035,"downloaded":2141,"downloader":"bits","eventresult":1,"eventtype":14,"nextversion":"2024.2.25.1","previousversion":"2024.2.23.1","total":2141,"url":"http://edgedl.me.gvt1.com/edgedl/diffgen-puffin/jflhchccmppkfebkiaminageehmchikm/1.1eee9613c0e9efbfb5cb4477e87850f87a5d7b7cafa4375273a34c90a4464a89/1.3b3032a3bd20c3e81a87097ee894dce4d4d94fa1bc937483353981e48033c4f9/aa284217461b94e86255f667d40f4caf136cdb4de48d1e6f4212a3d89d1123ba.puff"' with parameter delimiters is not a parameter.
Login_Info.c(196): Warning: The string '"diffresult":1,"eventresult":1,"eventtype":3,"nextfp":"1.1eee9613c0e9efbfb5cb4477e87850f87a5d7b7cafa4375273a34c90a4464a89","nextversion":"2024.2.25.1","previousfp":"1.3b3032a3bd20c3e81a87097ee894dce4d4d94fa1bc937483353981e48033c4f9","previousversion":"2024.2.23.1"' with parameter delimiters is not a parameter.
Login_Info.c(196): Warning: The string '"fp":"1.1eee9613c0e9efbfb5cb4477e87850f87a5d7b7cafa4375273a34c90a4464a89"' with parameter delimiters is not a parameter.
Login_Info.c(196): Warning: The string '"avx":true,"physmemory":12,"sse":true,"sse2":true,"sse3":true,"sse41":true,"sse42":true,"ssse3":true' with parameter delimiters is not a parameter.
Login_Info.c(196): Warning: The string '"arch":"x86_64","platform":"Windows","version":"10.0.19045.3324"' with parameter delimiters is not a parameter.
Login_Info.c(196): Warning: The string 'a802e0b4-82dd-49a6-8a4c-306ac10fc8fc' with parameter delimiters is not a parameter.
Login_Info.c(196): Warning: The string '4db31086-d71b-41b9-9eb7-cb1c727fa586' with parameter delimiters is not a parameter.
Login_Info.c(196): web_custom_request("json_3") was successful, 172 body bytes, 637 header bytes  	[MsgId: MMSG-26386]
Login_Info.c(211): web_url("employees_4") started  	[MsgId: MMSG-26355]
Login_Info.c(211): web_url("employees_4") was successful, 40 body bytes, 1048 header bytes, 11 chunking overhead bytes  	[MsgId: MMSG-26385]
Login_Info.c(222): web_url("users_2") started  	[MsgId: MMSG-26355]
Login_Info.c(222): web_url("users_2") was successful, 40 body bytes, 1048 header bytes, 11 chunking overhead bytes  	[MsgId: MMSG-26385]
Login_Info.c(233): web_url("employees_5") started  	[MsgId: MMSG-26355]
Login_Info.c(233): web_url("employees_5") was successful, 491 body bytes, 1048 header bytes, 12 chunking overhead bytes  	[MsgId: MMSG-26385]
Login_Info.c(242): web_url("employees_6") started  	[MsgId: MMSG-26355]
Login_Info.c(242): web_url("employees_6") was successful, 491 body bytes, 1048 header bytes, 12 chunking overhead bytes  	[MsgId: MMSG-26385]
Login_Info.c(251): web_url("users_3") started  	[MsgId: MMSG-26355]
Login_Info.c(251): web_url("users_3") was successful, 40 body bytes, 1048 header bytes, 11 chunking overhead bytes  	[MsgId: MMSG-26385]
Login_Info.c(262): web_url("users_4") started  	[MsgId: MMSG-26355]
Login_Info.c(262): web_url("users_4") was successful, 40 body bytes, 1048 header bytes, 11 chunking overhead bytes  	[MsgId: MMSG-26385]
Login_Info.c(273): web_url("employees_7") started  	[MsgId: MMSG-26355]
Login_Info.c(273): web_url("employees_7") was successful, 6091 body bytes, 1048 header bytes, 19 chunking overhead bytes  	[MsgId: MMSG-26385]
Login_Info.c(282): web_url("employees_8") started  	[MsgId: MMSG-26355]
Login_Info.c(282): web_url("employees_8") was successful, 603 body bytes, 1048 header bytes, 12 chunking overhead bytes  	[MsgId: MMSG-26385]
Login_Info.c(291): web_url("employees_9") started  	[MsgId: MMSG-26355]
Login_Info.c(291): web_url("employees_9") was successful, 414 body bytes, 1048 header bytes, 12 chunking overhead bytes  	[MsgId: MMSG-26385]
Login_Info.c(300): web_url("users_5") started  	[MsgId: MMSG-26355]
Login_Info.c(300): web_url("users_5") was successful, 40 body bytes, 1048 header bytes, 11 chunking overhead bytes  	[MsgId: MMSG-26385]
Login_Info.c(311): web_url("employees_10") started  	[MsgId: MMSG-26355]
Login_Info.c(311): web_url("employees_10") was successful, 182 body bytes, 1048 header bytes, 11 chunking overhead bytes  	[MsgId: MMSG-26385]
Login_Info.c(320): web_url("employees_11") started  	[MsgId: MMSG-26355]
Login_Info.c(320): web_url("employees_11") was successful, 1232 body bytes, 1048 header bytes, 12 chunking overhead bytes  	[MsgId: MMSG-26385]
Login_Info.c(331): web_url("users_6") started  	[MsgId: MMSG-26355]
Login_Info.c(331): web_url("users_6") was successful, 5121 body bytes, 1048 header bytes, 19 chunking overhead bytes  	[MsgId: MMSG-26385]
Login_Info.c(342): web_url("employees_12") started  	[MsgId: MMSG-26355]
Login_Info.c(342): web_url("employees_12") was successful, 151 body bytes, 1048 header bytes, 11 chunking overhead bytes  	[MsgId: MMSG-26385]
Login_Info.c(353): web_url("users_7") started  	[MsgId: MMSG-26355]
Login_Info.c(353): web_url("users_7") was successful, 40 body bytes, 1048 header bytes, 11 chunking overhead bytes  	[MsgId: MMSG-26385]
Login_Info.c(364): web_url("viewMyDetails") started  	[MsgId: MMSG-26355]
Login_Info.c(364): Redirecting "https://opensource-demo.orangehrmlive.com/web/index.php/pim/viewMyDetails" (redirection depth is 0)  	[MsgId: MMSG-26694]
Login_Info.c(364): To location "https://opensource-demo.orangehrmlive.com/web/index.php/pim/viewPersonalDetails/empNumber/7"  	[MsgId: MMSG-26693]
Login_Info.c(364): Resource "https://opensource-demo.orangehrmlive.com/web/dist/css/chunk-vendors.css?v=1706326081969" is in the cache already and will not be downloaded again  	[MsgId: MMSG-26655]
Login_Info.c(364): Resource "https://opensource-demo.orangehrmlive.com/web/dist/css/app.css?v=1706326081969" is in the cache already and will not be downloaded again  	[MsgId: MMSG-26655]
Login_Info.c(364): Resource "https://opensource-demo.orangehrmlive.com/web/dist/js/chunk-vendors.js?v=1706326081969" is in the cache already and will not be downloaded again  	[MsgId: MMSG-26655]
Login_Info.c(364): Resource "https://opensource-demo.orangehrmlive.com/web/dist/js/app.js?v=1706326081969" is in the cache already and will not be downloaded again  	[MsgId: MMSG-26655]
Login_Info.c(364): web_url("viewMyDetails") was successful, 21392 body bytes, 2218 header bytes, 48 chunking overhead bytes  	[MsgId: MMSG-26385]
Login_Info.c(373): web_url("personal-details") started  	[MsgId: MMSG-26355]
Login_Info.c(373): web_url("personal-details") was successful, 322 body bytes, 1048 header bytes, 12 chunking overhead bytes  	[MsgId: MMSG-26385]
Login_Info.c(382): web_url("7") started  	[MsgId: MMSG-26355]
Login_Info.c(382): web_url("7") was successful, 146 body bytes, 1048 header bytes, 11 chunking overhead bytes  	[MsgId: MMSG-26385]
Login_Info.c(391): web_url("workweek") started  	[MsgId: MMSG-26355]
Login_Info.c(391): web_url("workweek") was successful, 72 body bytes, 1048 header bytes, 11 chunking overhead bytes  	[MsgId: MMSG-26385]
Login_Info.c(400): web_url("attachments") started  	[MsgId: MMSG-26355]
Login_Info.c(400): web_url("attachments") was successful, 253 body bytes, 1048 header bytes, 11 chunking overhead bytes  	[MsgId: MMSG-26385]
Login_Info.c(409): web_url("custom-fields") started  	[MsgId: MMSG-26355]
Login_Info.c(409): web_url("custom-fields") was successful, 277 body bytes, 1048 header bytes, 12 chunking overhead bytes  	[MsgId: MMSG-26385]
Login_Info.c(418): web_url("holidays") started  	[MsgId: MMSG-26355]
Login_Info.c(418): web_url("holidays") was successful, 1953 body bytes, 1048 header bytes, 12 chunking overhead bytes  	[MsgId: MMSG-26385]
Login_Info.c(427): web_url("employees_13") started  	[MsgId: MMSG-26355]
Login_Info.c(427): web_url("employees_13") was successful, 6136 body bytes, 1048 header bytes, 19 chunking overhead bytes  	[MsgId: MMSG-26385]
Login_Info.c(436): web_url("workweek_2") started  	[MsgId: MMSG-26355]
Login_Info.c(436): web_url("workweek_2") was successful, 72 body bytes, 1048 header bytes, 11 chunking overhead bytes  	[MsgId: MMSG-26385]
Login_Info.c(445): web_url("holidays_2") started  	[MsgId: MMSG-26355]
Login_Info.c(445): web_url("holidays_2") was successful, 1953 body bytes, 1048 header bytes, 12 chunking overhead bytes  	[MsgId: MMSG-26385]
Login_Info.c(456): web_add_auto_header("Authorization") started  	[MsgId: MMSG-26355]
Login_Info.c(456): Notify: Parameter Substitution: parameter "_token" =  "b6adb8c37849d.7IUT__gBTLd95TDJuA-Ald56KsTecTqCg-NCrmzdsAM.wcMgi7AwFs4R0lmQzHvU57lPTJaYIXTRz6Z0wDqNxHCP03CZs2QO7hKMfQ"
Login_Info.c(456): Warning -26592: The header being added may cause unpredictable results when applied to all ensuing URLs. It is added anyway  	[MsgId: MWAR-26592]
Login_Info.c(456): web_add_auto_header("Authorization") highest severity level was "warning"  	[MsgId: MMSG-26391]
Login_Info.c(458): web_custom_request("personal-details_2") started  	[MsgId: MMSG-26355]
Login_Info.c(458): Warning: The string '"lastName":"ABC","firstName":"Test","middleName":"","employeeId":"0024","otherId":"","drivingLicenseNo":"","drivingLicenseExpiredDate":"2024-02-07","gender":1,"maritalStatus":"Single","birthday":"1988-10-15","nationalityId":82' with parameter delimiters is not a parameter.
Login_Info.c(458): Redirecting "https://opensource-demo.orangehrmlive.com/web/index.php/api/v2/pim/employees/7/personal-details" (redirection depth is 0)  	[MsgId: MMSG-26694]
Login_Info.c(458): To location "https://opensource-demo.orangehrmlive.com/web/index.php/auth/login"  	[MsgId: MMSG-26693]
Login_Info.c(458): Redirecting "https://opensource-demo.orangehrmlive.com/web/index.php/auth/login" (redirection depth is 1)  	[MsgId: MMSG-26694]
Login_Info.c(458): To location "https://opensource-demo.orangehrmlive.com/web/index.php/auth/login"  	[MsgId: MMSG-26693]
Login_Info.c(458): Redirecting "https://opensource-demo.orangehrmlive.com/web/index.php/auth/login" (redirection depth is 2)  	[MsgId: MMSG-26694]
Login_Info.c(458): To location "https://opensource-demo.orangehrmlive.com/web/index.php/auth/login"  	[MsgId: MMSG-26693]
Login_Info.c(458): Redirecting "https://opensource-demo.orangehrmlive.com/web/index.php/auth/login" (redirection depth is 3)  	[MsgId: MMSG-26694]
Login_Info.c(458): To location "https://opensource-demo.orangehrmlive.com/web/index.php/auth/login"  	[MsgId: MMSG-26693]
Login_Info.c(458): Redirecting "https://opensource-demo.orangehrmlive.com/web/index.php/auth/login" (redirection depth is 4)  	[MsgId: MMSG-26694]
Login_Info.c(458): To location "https://opensource-demo.orangehrmlive.com/web/index.php/auth/login"  	[MsgId: MMSG-26693]
Login_Info.c(458): Redirecting "https://opensource-demo.orangehrmlive.com/web/index.php/auth/login" (redirection depth is 5)  	[MsgId: MMSG-26694]
Login_Info.c(458): To location "https://opensource-demo.orangehrmlive.com/web/index.php/auth/login"  	[MsgId: MMSG-26693]
Login_Info.c(458): Redirecting "https://opensource-demo.orangehrmlive.com/web/index.php/auth/login" (redirection depth is 6)  	[MsgId: MMSG-26694]
Login_Info.c(458): To location "https://opensource-demo.orangehrmlive.com/web/index.php/auth/login"  	[MsgId: MMSG-26693]
Login_Info.c(458): Redirecting "https://opensource-demo.orangehrmlive.com/web/index.php/auth/login" (redirection depth is 7)  	[MsgId: MMSG-26694]
Login_Info.c(458): To location "https://opensource-demo.orangehrmlive.com/web/index.php/auth/login"  	[MsgId: MMSG-26693]
Login_Info.c(458): Redirecting "https://opensource-demo.orangehrmlive.com/web/index.php/auth/login" (redirection depth is 8)  	[MsgId: MMSG-26694]
Login_Info.c(458): To location "https://opensource-demo.orangehrmlive.com/web/index.php/auth/login"  	[MsgId: MMSG-26693]
Login_Info.c(458): Redirecting "https://opensource-demo.orangehrmlive.com/web/index.php/auth/login" (redirection depth is 9)  	[MsgId: MMSG-26694]
Login_Info.c(458): To location "https://opensource-demo.orangehrmlive.com/web/index.php/auth/login"  	[MsgId: MMSG-26693]
Login_Info.c(458): Warning -26695: Redirection depth (11) exceeds max (10) for "https://opensource-demo.orangehrmlive.com/web/index.php/auth/login"  	[MsgId: MWAR-26695]
Login_Info.c(458): web_custom_request("personal-details_2") highest severity level was "warning", 5610 body bytes, 12507 header bytes, 132 chunking overhead bytes  	[MsgId: MMSG-26387]
Ending action Login_Info.
Ending iteration 1.
Ending Vuser...
Starting action vuser_end.
vuser_end.c(5): web_url("logout") started  	[MsgId: MMSG-26355]
vuser_end.c(5): Redirecting "https://opensource-demo.orangehrmlive.com/web/index.php/auth/logout" (redirection depth is 0)  	[MsgId: MMSG-26694]
vuser_end.c(5): To location "https://opensource-demo.orangehrmlive.com/web/index.php/auth/login"  	[MsgId: MMSG-26693]
vuser_end.c(5): Redirecting "https://opensource-demo.orangehrmlive.com/web/index.php/auth/login" (redirection depth is 1)  	[MsgId: MMSG-26694]
vuser_end.c(5): To location "https://opensource-demo.orangehrmlive.com/web/index.php/auth/login"  	[MsgId: MMSG-26693]
vuser_end.c(5): Redirecting "https://opensource-demo.orangehrmlive.com/web/index.php/auth/login" (redirection depth is 2)  	[MsgId: MMSG-26694]
vuser_end.c(5): To location "https://opensource-demo.orangehrmlive.com/web/index.php/auth/login"  	[MsgId: MMSG-26693]
vuser_end.c(5): Redirecting "https://opensource-demo.orangehrmlive.com/web/index.php/auth/login" (redirection depth is 3)  	[MsgId: MMSG-26694]
vuser_end.c(5): To location "https://opensource-demo.orangehrmlive.com/web/index.php/auth/login"  	[MsgId: MMSG-26693]
vuser_end.c(5): Redirecting "https://opensource-demo.orangehrmlive.com/web/index.php/auth/login" (redirection depth is 4)  	[MsgId: MMSG-26694]
vuser_end.c(5): To location "https://opensource-demo.orangehrmlive.com/web/index.php/auth/login"  	[MsgId: MMSG-26693]
vuser_end.c(5): Redirecting "https://opensource-demo.orangehrmlive.com/web/index.php/auth/login" (redirection depth is 5)  	[MsgId: MMSG-26694]
vuser_end.c(5): To location "https://opensource-demo.orangehrmlive.com/web/index.php/auth/login"  	[MsgId: MMSG-26693]
vuser_end.c(5): Redirecting "https://opensource-demo.orangehrmlive.com/web/index.php/auth/login" (redirection depth is 6)  	[MsgId: MMSG-26694]
vuser_end.c(5): To location "https://opensource-demo.orangehrmlive.com/web/index.php/auth/login"  	[MsgId: MMSG-26693]
vuser_end.c(5): Redirecting "https://opensource-demo.orangehrmlive.com/web/index.php/auth/login" (redirection depth is 7)  	[MsgId: MMSG-26694]
vuser_end.c(5): To location "https://opensource-demo.orangehrmlive.com/web/index.php/auth/login"  	[MsgId: MMSG-26693]
vuser_end.c(5): Redirecting "https://opensource-demo.orangehrmlive.com/web/index.php/auth/login" (redirection depth is 8)  	[MsgId: MMSG-26694]
vuser_end.c(5): To location "https://opensource-demo.orangehrmlive.com/web/index.php/auth/login"  	[MsgId: MMSG-26693]
vuser_end.c(5): Redirecting "https://opensource-demo.orangehrmlive.com/web/index.php/auth/login" (redirection depth is 9)  	[MsgId: MMSG-26694]
vuser_end.c(5): To location "https://opensource-demo.orangehrmlive.com/web/index.php/auth/login"  	[MsgId: MMSG-26693]
vuser_end.c(5): Warning -26695: Redirection depth (11) exceeds max (10) for "https://opensource-demo.orangehrmlive.com/web/index.php/auth/login"  	[MsgId: MWAR-26695]
vuser_end.c(5): web_url("logout") highest severity level was "warning", 5610 body bytes, 12507 header bytes, 132 chunking overhead bytes  	[MsgId: MMSG-26387]
Ending action vuser_end.
Vuser Terminated.
Vuser 0 (thread 3208), ended OK."
