Start auto log messages stack - Iteration 1.	[MsgId: MMSG-10545]
Login_Info.c(16): Resource "https://opensource-demo.orangehrmlive.com/web/dist/css/chunk-vendors.css?v=1706326081969" is in the cache already and will not be downloaded again  	[MsgId: MMSG-26655]
Login_Info.c(16): Resource "https://opensource-demo.orangehrmlive.com/web/dist/css/app.css?v=1706326081969" is in the cache already and will not be downloaded again  	[MsgId: MMSG-26655]
Login_Info.c(16): Resource "https://opensource-demo.orangehrmlive.com/web/dist/js/chunk-vendors.js?v=1706326081969" is in the cache already and will not be downloaded again  	[MsgId: MMSG-26655]
Login_Info.c(16): Resource "https://opensource-demo.orangehrmlive.com/web/dist/js/app.js?v=1706326081969" is in the cache already and will not be downloaded again  	[MsgId: MMSG-26655]
Login_Info.c(16): Error -35049: No match found for the requested parameter "_token". Check whether the requested regular expression exists in the response data  	[MsgId: MERR-35049]
End auto log messages stack.	[MsgId: MMSG-10544]

Start auto log messages stack - Iteration 2.	[MsgId: MMSG-10545]
Login_Info.c(16): Found resource "https://opensource-demo.orangehrmlive.com/web/dist/js/chunk-vendors.js?v=1706326081969" in HTML "https://opensource-demo.orangehrmlive.com/web/index.php/auth/login"  	[MsgId: MMSG-26659]
Login_Info.c(16): Found resource "https://opensource-demo.orangehrmlive.com/web/dist/js/app.js?v=1706326081969" in HTML "https://opensource-demo.orangehrmlive.com/web/index.php/auth/login"  	[MsgId: MMSG-26659]
Login_Info.c(16): web_submit_data("validate") was successful, 3531497 body bytes, 6621 header bytes, 24 chunking overhead bytes  	[MsgId: MMSG-26385]
Login_Info.c(29): web_url("time-at-work") started  	[MsgId: MMSG-26355]
Login_Info.c(29): Error -26546: Authentication required, please use "web_set_user", e.g. web_set_user("domain\\user", "password", "host:port");  	[MsgId: MERR-26546]
Login_Info.c(29): Error -26629: HTTP Status-Code=401 (Unauthorized) for "https://opensource-demo.orangehrmlive.com/web/index.php/api/v2/dashboard/employees/time-at-work?timezoneOffset=5.5&currentDate=2024-02-26&currentTime=14:45"  	[MsgId: MERR-26629]
End auto log messages stack.	[MsgId: MMSG-10544]

Start auto log messages stack - Iteration 3.	[MsgId: MMSG-10545]
Login_Info.c(16): Found resource "https://opensource-demo.orangehrmlive.com/web/dist/js/chunk-vendors.js?v=1706326081969" in HTML "https://opensource-demo.orangehrmlive.com/web/index.php/auth/login"  	[MsgId: MMSG-26659]
Login_Info.c(16): Found resource "https://opensource-demo.orangehrmlive.com/web/dist/js/app.js?v=1706326081969" in HTML "https://opensource-demo.orangehrmlive.com/web/index.php/auth/login"  	[MsgId: MMSG-26659]
Login_Info.c(16): web_submit_data("validate") was successful, 3531487 body bytes, 6621 header bytes, 24 chunking overhead bytes  	[MsgId: MMSG-26385]
Login_Info.c(29): web_url("time-at-work") started  	[MsgId: MMSG-26355]
Login_Info.c(29): Error -26546: Authentication required, please use "web_set_user", e.g. web_set_user("domain\\user", "password", "host:port");  	[MsgId: MERR-26546]
Login_Info.c(29): Error -26629: HTTP Status-Code=401 (Unauthorized) for "https://opensource-demo.orangehrmlive.com/web/index.php/api/v2/dashboard/employees/time-at-work?timezoneOffset=5.5&currentDate=2024-02-26&currentTime=14:45"  	[MsgId: MERR-26629]
End auto log messages stack.	[MsgId: MMSG-10544]

Start auto log messages stack - Iteration 4.	[MsgId: MMSG-10545]
Login_Info.c(16): Found resource "https://opensource-demo.orangehrmlive.com/web/dist/js/chunk-vendors.js?v=1706326081969" in HTML "https://opensource-demo.orangehrmlive.com/web/index.php/auth/login"  	[MsgId: MMSG-26659]
Login_Info.c(16): Found resource "https://opensource-demo.orangehrmlive.com/web/dist/js/app.js?v=1706326081969" in HTML "https://opensource-demo.orangehrmlive.com/web/index.php/auth/login"  	[MsgId: MMSG-26659]
Login_Info.c(16): web_submit_data("validate") was successful, 3531495 body bytes, 6621 header bytes, 24 chunking overhead bytes  	[MsgId: MMSG-26385]
Login_Info.c(29): web_url("time-at-work") started  	[MsgId: MMSG-26355]
Login_Info.c(29): Error -26546: Authentication required, please use "web_set_user", e.g. web_set_user("domain\\user", "password", "host:port");  	[MsgId: MERR-26546]
Login_Info.c(29): Error -26629: HTTP Status-Code=401 (Unauthorized) for "https://opensource-demo.orangehrmlive.com/web/index.php/api/v2/dashboard/employees/time-at-work?timezoneOffset=5.5&currentDate=2024-02-26&currentTime=14:45"  	[MsgId: MERR-26629]
End auto log messages stack.	[MsgId: MMSG-10544]

Start auto log messages stack - Iteration 5.	[MsgId: MMSG-10545]
Login_Info.c(16): Found resource "https://opensource-demo.orangehrmlive.com/web/dist/js/chunk-vendors.js?v=1706326081969" in HTML "https://opensource-demo.orangehrmlive.com/web/index.php/auth/login"  	[MsgId: MMSG-26659]
Login_Info.c(16): Found resource "https://opensource-demo.orangehrmlive.com/web/dist/js/app.js?v=1706326081969" in HTML "https://opensource-demo.orangehrmlive.com/web/index.php/auth/login"  	[MsgId: MMSG-26659]
Login_Info.c(16): web_submit_data("validate") was successful, 3531499 body bytes, 6621 header bytes, 24 chunking overhead bytes  	[MsgId: MMSG-26385]
Login_Info.c(29): web_url("time-at-work") started  	[MsgId: MMSG-26355]
Login_Info.c(29): Error -26546: Authentication required, please use "web_set_user", e.g. web_set_user("domain\\user", "password", "host:port");  	[MsgId: MERR-26546]
Login_Info.c(29): Error -26629: HTTP Status-Code=401 (Unauthorized) for "https://opensource-demo.orangehrmlive.com/web/index.php/api/v2/dashboard/employees/time-at-work?timezoneOffset=5.5&currentDate=2024-02-26&currentTime=14:45"  	[MsgId: MERR-26629]
End auto log messages stack.	[MsgId: MMSG-10544]

Start auto log messages stack - Iteration 6.	[MsgId: MMSG-10545]
Login_Info.c(16): Found resource "https://opensource-demo.orangehrmlive.com/web/dist/js/chunk-vendors.js?v=1706326081969" in HTML "https://opensource-demo.orangehrmlive.com/web/index.php/auth/login"  	[MsgId: MMSG-26659]
Login_Info.c(16): Found resource "https://opensource-demo.orangehrmlive.com/web/dist/js/app.js?v=1706326081969" in HTML "https://opensource-demo.orangehrmlive.com/web/index.php/auth/login"  	[MsgId: MMSG-26659]
Login_Info.c(16): web_submit_data("validate") was successful, 3531480 body bytes, 6621 header bytes, 24 chunking overhead bytes  	[MsgId: MMSG-26385]
Login_Info.c(29): web_url("time-at-work") started  	[MsgId: MMSG-26355]
Login_Info.c(29): Error -26546: Authentication required, please use "web_set_user", e.g. web_set_user("domain\\user", "password", "host:port");  	[MsgId: MERR-26546]
Login_Info.c(29): Error -26629: HTTP Status-Code=401 (Unauthorized) for "https://opensource-demo.orangehrmlive.com/web/index.php/api/v2/dashboard/employees/time-at-work?timezoneOffset=5.5&currentDate=2024-02-26&currentTime=14:45"  	[MsgId: MERR-26629]
End auto log messages stack.	[MsgId: MMSG-10544]

Start auto log messages stack - Iteration 7.	[MsgId: MMSG-10545]
Login_Info.c(16): Found resource "https://opensource-demo.orangehrmlive.com/web/dist/js/chunk-vendors.js?v=1706326081969" in HTML "https://opensource-demo.orangehrmlive.com/web/index.php/auth/login"  	[MsgId: MMSG-26659]
Login_Info.c(16): Found resource "https://opensource-demo.orangehrmlive.com/web/dist/js/app.js?v=1706326081969" in HTML "https://opensource-demo.orangehrmlive.com/web/index.php/auth/login"  	[MsgId: MMSG-26659]
Login_Info.c(16): web_submit_data("validate") was successful, 3531488 body bytes, 6621 header bytes, 24 chunking overhead bytes  	[MsgId: MMSG-26385]
Login_Info.c(29): web_url("time-at-work") started  	[MsgId: MMSG-26355]
Login_Info.c(29): Error -26546: Authentication required, please use "web_set_user", e.g. web_set_user("domain\\user", "password", "host:port");  	[MsgId: MERR-26546]
Login_Info.c(29): Error -26629: HTTP Status-Code=401 (Unauthorized) for "https://opensource-demo.orangehrmlive.com/web/index.php/api/v2/dashboard/employees/time-at-work?timezoneOffset=5.5&currentDate=2024-02-26&currentTime=14:45"  	[MsgId: MERR-26629]
End auto log messages stack.	[MsgId: MMSG-10544]

Start auto log messages stack - Iteration 8.	[MsgId: MMSG-10545]
Login_Info.c(16): Found resource "https://opensource-demo.orangehrmlive.com/web/dist/js/chunk-vendors.js?v=1706326081969" in HTML "https://opensource-demo.orangehrmlive.com/web/index.php/auth/login"  	[MsgId: MMSG-26659]
Login_Info.c(16): Found resource "https://opensource-demo.orangehrmlive.com/web/dist/js/app.js?v=1706326081969" in HTML "https://opensource-demo.orangehrmlive.com/web/index.php/auth/login"  	[MsgId: MMSG-26659]
Login_Info.c(16): web_submit_data("validate") was successful, 3531474 body bytes, 6621 header bytes, 24 chunking overhead bytes  	[MsgId: MMSG-26385]
Login_Info.c(29): web_url("time-at-work") started  	[MsgId: MMSG-26355]
Login_Info.c(29): Error -26546: Authentication required, please use "web_set_user", e.g. web_set_user("domain\\user", "password", "host:port");  	[MsgId: MERR-26546]
Login_Info.c(29): Error -26629: HTTP Status-Code=401 (Unauthorized) for "https://opensource-demo.orangehrmlive.com/web/index.php/api/v2/dashboard/employees/time-at-work?timezoneOffset=5.5&currentDate=2024-02-26&currentTime=14:45"  	[MsgId: MERR-26629]
End auto log messages stack.	[MsgId: MMSG-10544]

Start auto log messages stack - Iteration 9.	[MsgId: MMSG-10545]
Login_Info.c(16): Found resource "https://opensource-demo.orangehrmlive.com/web/dist/js/chunk-vendors.js?v=1706326081969" in HTML "https://opensource-demo.orangehrmlive.com/web/index.php/auth/login"  	[MsgId: MMSG-26659]
Login_Info.c(16): Found resource "https://opensource-demo.orangehrmlive.com/web/dist/js/app.js?v=1706326081969" in HTML "https://opensource-demo.orangehrmlive.com/web/index.php/auth/login"  	[MsgId: MMSG-26659]
Login_Info.c(16): web_submit_data("validate") was successful, 3531493 body bytes, 6621 header bytes, 24 chunking overhead bytes  	[MsgId: MMSG-26385]
Login_Info.c(29): web_url("time-at-work") started  	[MsgId: MMSG-26355]
Login_Info.c(29): Error -26546: Authentication required, please use "web_set_user", e.g. web_set_user("domain\\user", "password", "host:port");  	[MsgId: MERR-26546]
Login_Info.c(29): Error -26629: HTTP Status-Code=401 (Unauthorized) for "https://opensource-demo.orangehrmlive.com/web/index.php/api/v2/dashboard/employees/time-at-work?timezoneOffset=5.5&currentDate=2024-02-26&currentTime=14:45"  	[MsgId: MERR-26629]
End auto log messages stack.	[MsgId: MMSG-10544]

Start auto log messages stack - Iteration 10.	[MsgId: MMSG-10545]
Login_Info.c(16): Found resource "https://opensource-demo.orangehrmlive.com/web/dist/js/chunk-vendors.js?v=1706326081969" in HTML "https://opensource-demo.orangehrmlive.com/web/index.php/auth/login"  	[MsgId: MMSG-26659]
Login_Info.c(16): Found resource "https://opensource-demo.orangehrmlive.com/web/dist/js/app.js?v=1706326081969" in HTML "https://opensource-demo.orangehrmlive.com/web/index.php/auth/login"  	[MsgId: MMSG-26659]
Login_Info.c(16): web_submit_data("validate") was successful, 3531491 body bytes, 6621 header bytes, 24 chunking overhead bytes  	[MsgId: MMSG-26385]
Login_Info.c(29): web_url("time-at-work") started  	[MsgId: MMSG-26355]
Login_Info.c(29): Error -26546: Authentication required, please use "web_set_user", e.g. web_set_user("domain\\user", "password", "host:port");  	[MsgId: MERR-26546]
Login_Info.c(29): Error -26629: HTTP Status-Code=401 (Unauthorized) for "https://opensource-demo.orangehrmlive.com/web/index.php/api/v2/dashboard/employees/time-at-work?timezoneOffset=5.5&currentDate=2024-02-26&currentTime=14:45"  	[MsgId: MERR-26629]
End auto log messages stack.	[MsgId: MMSG-10544]

Start auto log messages stack - Iteration 11.	[MsgId: MMSG-10545]
Login_Info.c(16): Found resource "https://opensource-demo.orangehrmlive.com/web/dist/js/chunk-vendors.js?v=1706326081969" in HTML "https://opensource-demo.orangehrmlive.com/web/index.php/auth/login"  	[MsgId: MMSG-26659]
Login_Info.c(16): Found resource "https://opensource-demo.orangehrmlive.com/web/dist/js/app.js?v=1706326081969" in HTML "https://opensource-demo.orangehrmlive.com/web/index.php/auth/login"  	[MsgId: MMSG-26659]
Login_Info.c(16): web_submit_data("validate") was successful, 3531493 body bytes, 6621 header bytes, 24 chunking overhead bytes  	[MsgId: MMSG-26385]
Login_Info.c(29): web_url("time-at-work") started  	[MsgId: MMSG-26355]
Login_Info.c(29): Error -26546: Authentication required, please use "web_set_user", e.g. web_set_user("domain\\user", "password", "host:port");  	[MsgId: MERR-26546]
Login_Info.c(29): Error -26629: HTTP Status-Code=401 (Unauthorized) for "https://opensource-demo.orangehrmlive.com/web/index.php/api/v2/dashboard/employees/time-at-work?timezoneOffset=5.5&currentDate=2024-02-26&currentTime=14:45"  	[MsgId: MERR-26629]
End auto log messages stack.	[MsgId: MMSG-10544]

Start auto log messages stack - Iteration 12.	[MsgId: MMSG-10545]
Login_Info.c(16): Found resource "https://opensource-demo.orangehrmlive.com/web/dist/js/chunk-vendors.js?v=1706326081969" in HTML "https://opensource-demo.orangehrmlive.com/web/index.php/auth/login"  	[MsgId: MMSG-26659]
Login_Info.c(16): Found resource "https://opensource-demo.orangehrmlive.com/web/dist/js/app.js?v=1706326081969" in HTML "https://opensource-demo.orangehrmlive.com/web/index.php/auth/login"  	[MsgId: MMSG-26659]
Login_Info.c(16): web_submit_data("validate") was successful, 3531485 body bytes, 6621 header bytes, 24 chunking overhead bytes  	[MsgId: MMSG-26385]
Login_Info.c(29): web_url("time-at-work") started  	[MsgId: MMSG-26355]
Login_Info.c(29): Error -26546: Authentication required, please use "web_set_user", e.g. web_set_user("domain\\user", "password", "host:port");  	[MsgId: MERR-26546]
Login_Info.c(29): Error -26629: HTTP Status-Code=401 (Unauthorized) for "https://opensource-demo.orangehrmlive.com/web/index.php/api/v2/dashboard/employees/time-at-work?timezoneOffset=5.5&currentDate=2024-02-26&currentTime=14:45"  	[MsgId: MERR-26629]
End auto log messages stack.	[MsgId: MMSG-10544]

Start auto log messages stack - Iteration 13.	[MsgId: MMSG-10545]
Login_Info.c(16): Found resource "https://opensource-demo.orangehrmlive.com/web/dist/js/chunk-vendors.js?v=1706326081969" in HTML "https://opensource-demo.orangehrmlive.com/web/index.php/auth/login"  	[MsgId: MMSG-26659]
Login_Info.c(16): Found resource "https://opensource-demo.orangehrmlive.com/web/dist/js/app.js?v=1706326081969" in HTML "https://opensource-demo.orangehrmlive.com/web/index.php/auth/login"  	[MsgId: MMSG-26659]
Login_Info.c(16): web_submit_data("validate") was successful, 3531499 body bytes, 6621 header bytes, 24 chunking overhead bytes  	[MsgId: MMSG-26385]
Login_Info.c(29): web_url("time-at-work") started  	[MsgId: MMSG-26355]
Login_Info.c(29): Error -26546: Authentication required, please use "web_set_user", e.g. web_set_user("domain\\user", "password", "host:port");  	[MsgId: MERR-26546]
Login_Info.c(29): Error -26629: HTTP Status-Code=401 (Unauthorized) for "https://opensource-demo.orangehrmlive.com/web/index.php/api/v2/dashboard/employees/time-at-work?timezoneOffset=5.5&currentDate=2024-02-26&currentTime=14:45"  	[MsgId: MERR-26629]
End auto log messages stack.	[MsgId: MMSG-10544]

Start auto log messages stack - Iteration 14.	[MsgId: MMSG-10545]
Login_Info.c(16): Found resource "https://opensource-demo.orangehrmlive.com/web/dist/js/chunk-vendors.js?v=1706326081969" in HTML "https://opensource-demo.orangehrmlive.com/web/index.php/auth/login"  	[MsgId: MMSG-26659]
Login_Info.c(16): Found resource "https://opensource-demo.orangehrmlive.com/web/dist/js/app.js?v=1706326081969" in HTML "https://opensource-demo.orangehrmlive.com/web/index.php/auth/login"  	[MsgId: MMSG-26659]
Login_Info.c(16): web_submit_data("validate") was successful, 3531472 body bytes, 6621 header bytes, 24 chunking overhead bytes  	[MsgId: MMSG-26385]
Login_Info.c(29): web_url("time-at-work") started  	[MsgId: MMSG-26355]
Login_Info.c(29): Error -26546: Authentication required, please use "web_set_user", e.g. web_set_user("domain\\user", "password", "host:port");  	[MsgId: MERR-26546]
Login_Info.c(29): Error -26629: HTTP Status-Code=401 (Unauthorized) for "https://opensource-demo.orangehrmlive.com/web/index.php/api/v2/dashboard/employees/time-at-work?timezoneOffset=5.5&currentDate=2024-02-26&currentTime=14:45"  	[MsgId: MERR-26629]
End auto log messages stack.	[MsgId: MMSG-10544]

Start auto log messages stack - Iteration 15.	[MsgId: MMSG-10545]
Login_Info.c(16): Found resource "https://opensource-demo.orangehrmlive.com/web/dist/js/chunk-vendors.js?v=1706326081969" in HTML "https://opensource-demo.orangehrmlive.com/web/index.php/auth/login"  	[MsgId: MMSG-26659]
Login_Info.c(16): Found resource "https://opensource-demo.orangehrmlive.com/web/dist/js/app.js?v=1706326081969" in HTML "https://opensource-demo.orangehrmlive.com/web/index.php/auth/login"  	[MsgId: MMSG-26659]
Login_Info.c(16): web_submit_data("validate") was successful, 3531478 body bytes, 6621 header bytes, 24 chunking overhead bytes  	[MsgId: MMSG-26385]
Login_Info.c(29): web_url("time-at-work") started  	[MsgId: MMSG-26355]
Login_Info.c(29): Error -26546: Authentication required, please use "web_set_user", e.g. web_set_user("domain\\user", "password", "host:port");  	[MsgId: MERR-26546]
Login_Info.c(29): Error -26629: HTTP Status-Code=401 (Unauthorized) for "https://opensource-demo.orangehrmlive.com/web/index.php/api/v2/dashboard/employees/time-at-work?timezoneOffset=5.5&currentDate=2024-02-26&currentTime=14:45"  	[MsgId: MERR-26629]
End auto log messages stack.	[MsgId: MMSG-10544]

Start auto log messages stack - Iteration 16.	[MsgId: MMSG-10545]
Login_Info.c(16): Found resource "https://opensource-demo.orangehrmlive.com/web/dist/js/chunk-vendors.js?v=1706326081969" in HTML "https://opensource-demo.orangehrmlive.com/web/index.php/auth/login"  	[MsgId: MMSG-26659]
Login_Info.c(16): Found resource "https://opensource-demo.orangehrmlive.com/web/dist/js/app.js?v=1706326081969" in HTML "https://opensource-demo.orangehrmlive.com/web/index.php/auth/login"  	[MsgId: MMSG-26659]
Login_Info.c(16): web_submit_data("validate") was successful, 3531500 body bytes, 6621 header bytes, 24 chunking overhead bytes  	[MsgId: MMSG-26385]
Login_Info.c(29): web_url("time-at-work") started  	[MsgId: MMSG-26355]
Login_Info.c(29): Error -26546: Authentication required, please use "web_set_user", e.g. web_set_user("domain\\user", "password", "host:port");  	[MsgId: MERR-26546]
Login_Info.c(29): Error -26629: HTTP Status-Code=401 (Unauthorized) for "https://opensource-demo.orangehrmlive.com/web/index.php/api/v2/dashboard/employees/time-at-work?timezoneOffset=5.5&currentDate=2024-02-26&currentTime=14:45"  	[MsgId: MERR-26629]
End auto log messages stack.	[MsgId: MMSG-10544]

Start auto log messages stack - Iteration 17.	[MsgId: MMSG-10545]
Login_Info.c(16): Found resource "https://opensource-demo.orangehrmlive.com/web/dist/js/chunk-vendors.js?v=1706326081969" in HTML "https://opensource-demo.orangehrmlive.com/web/index.php/auth/login"  	[MsgId: MMSG-26659]
Login_Info.c(16): Found resource "https://opensource-demo.orangehrmlive.com/web/dist/js/app.js?v=1706326081969" in HTML "https://opensource-demo.orangehrmlive.com/web/index.php/auth/login"  	[MsgId: MMSG-26659]
Login_Info.c(16): web_submit_data("validate") was successful, 3531483 body bytes, 6621 header bytes, 24 chunking overhead bytes  	[MsgId: MMSG-26385]
Login_Info.c(29): web_url("time-at-work") started  	[MsgId: MMSG-26355]
Login_Info.c(29): Error -26546: Authentication required, please use "web_set_user", e.g. web_set_user("domain\\user", "password", "host:port");  	[MsgId: MERR-26546]
Login_Info.c(29): Error -26629: HTTP Status-Code=401 (Unauthorized) for "https://opensource-demo.orangehrmlive.com/web/index.php/api/v2/dashboard/employees/time-at-work?timezoneOffset=5.5&currentDate=2024-02-26&currentTime=14:45"  	[MsgId: MERR-26629]
End auto log messages stack.	[MsgId: MMSG-10544]

Start auto log messages stack - Iteration 18.	[MsgId: MMSG-10545]
Login_Info.c(16): Found resource "https://opensource-demo.orangehrmlive.com/web/dist/js/chunk-vendors.js?v=1706326081969" in HTML "https://opensource-demo.orangehrmlive.com/web/index.php/auth/login"  	[MsgId: MMSG-26659]
Login_Info.c(16): Found resource "https://opensource-demo.orangehrmlive.com/web/dist/js/app.js?v=1706326081969" in HTML "https://opensource-demo.orangehrmlive.com/web/index.php/auth/login"  	[MsgId: MMSG-26659]
Login_Info.c(16): web_submit_data("validate") was successful, 3531487 body bytes, 6621 header bytes, 24 chunking overhead bytes  	[MsgId: MMSG-26385]
Login_Info.c(29): web_url("time-at-work") started  	[MsgId: MMSG-26355]
Login_Info.c(29): Error -26546: Authentication required, please use "web_set_user", e.g. web_set_user("domain\\user", "password", "host:port");  	[MsgId: MERR-26546]
Login_Info.c(29): Error -26629: HTTP Status-Code=401 (Unauthorized) for "https://opensource-demo.orangehrmlive.com/web/index.php/api/v2/dashboard/employees/time-at-work?timezoneOffset=5.5&currentDate=2024-02-26&currentTime=14:45"  	[MsgId: MERR-26629]
End auto log messages stack.	[MsgId: MMSG-10544]

Start auto log messages stack - Iteration 19.	[MsgId: MMSG-10545]
Login_Info.c(16): Found resource "https://opensource-demo.orangehrmlive.com/web/dist/js/chunk-vendors.js?v=1706326081969" in HTML "https://opensource-demo.orangehrmlive.com/web/index.php/auth/login"  	[MsgId: MMSG-26659]
Login_Info.c(16): Found resource "https://opensource-demo.orangehrmlive.com/web/dist/js/app.js?v=1706326081969" in HTML "https://opensource-demo.orangehrmlive.com/web/index.php/auth/login"  	[MsgId: MMSG-26659]
Login_Info.c(16): web_submit_data("validate") was successful, 3531485 body bytes, 6621 header bytes, 24 chunking overhead bytes  	[MsgId: MMSG-26385]
Login_Info.c(29): web_url("time-at-work") started  	[MsgId: MMSG-26355]
Login_Info.c(29): Error -26546: Authentication required, please use "web_set_user", e.g. web_set_user("domain\\user", "password", "host:port");  	[MsgId: MERR-26546]
Login_Info.c(29): Error -26629: HTTP Status-Code=401 (Unauthorized) for "https://opensource-demo.orangehrmlive.com/web/index.php/api/v2/dashboard/employees/time-at-work?timezoneOffset=5.5&currentDate=2024-02-26&currentTime=14:45"  	[MsgId: MERR-26629]
End auto log messages stack.	[MsgId: MMSG-10544]

Start auto log messages stack - Iteration 20.	[MsgId: MMSG-10545]
Login_Info.c(16): Found resource "https://opensource-demo.orangehrmlive.com/web/dist/js/chunk-vendors.js?v=1706326081969" in HTML "https://opensource-demo.orangehrmlive.com/web/index.php/auth/login"  	[MsgId: MMSG-26659]
Login_Info.c(16): Found resource "https://opensource-demo.orangehrmlive.com/web/dist/js/app.js?v=1706326081969" in HTML "https://opensource-demo.orangehrmlive.com/web/index.php/auth/login"  	[MsgId: MMSG-26659]
Login_Info.c(16): web_submit_data("validate") was successful, 3531491 body bytes, 6621 header bytes, 24 chunking overhead bytes  	[MsgId: MMSG-26385]
Login_Info.c(29): web_url("time-at-work") started  	[MsgId: MMSG-26355]
Login_Info.c(29): Error -26546: Authentication required, please use "web_set_user", e.g. web_set_user("domain\\user", "password", "host:port");  	[MsgId: MERR-26546]
Login_Info.c(29): Error -26629: HTTP Status-Code=401 (Unauthorized) for "https://opensource-demo.orangehrmlive.com/web/index.php/api/v2/dashboard/employees/time-at-work?timezoneOffset=5.5&currentDate=2024-02-26&currentTime=14:45"  	[MsgId: MERR-26629]
End auto log messages stack.	[MsgId: MMSG-10544]

Start auto log messages stack - Iteration 21.	[MsgId: MMSG-10545]
Login_Info.c(16): Found resource "https://opensource-demo.orangehrmlive.com/web/dist/js/chunk-vendors.js?v=1706326081969" in HTML "https://opensource-demo.orangehrmlive.com/web/index.php/auth/login"  	[MsgId: MMSG-26659]
Login_Info.c(16): Found resource "https://opensource-demo.orangehrmlive.com/web/dist/js/app.js?v=1706326081969" in HTML "https://opensource-demo.orangehrmlive.com/web/index.php/auth/login"  	[MsgId: MMSG-26659]
Login_Info.c(16): web_submit_data("validate") was successful, 3531485 body bytes, 6621 header bytes, 24 chunking overhead bytes  	[MsgId: MMSG-26385]
Login_Info.c(29): web_url("time-at-work") started  	[MsgId: MMSG-26355]
Login_Info.c(29): Error -26546: Authentication required, please use "web_set_user", e.g. web_set_user("domain\\user", "password", "host:port");  	[MsgId: MERR-26546]
Login_Info.c(29): Error -26629: HTTP Status-Code=401 (Unauthorized) for "https://opensource-demo.orangehrmlive.com/web/index.php/api/v2/dashboard/employees/time-at-work?timezoneOffset=5.5&currentDate=2024-02-26&currentTime=14:45"  	[MsgId: MERR-26629]
End auto log messages stack.	[MsgId: MMSG-10544]

Start auto log messages stack - Iteration 22.	[MsgId: MMSG-10545]
Login_Info.c(16): Found resource "https://opensource-demo.orangehrmlive.com/web/dist/js/chunk-vendors.js?v=1706326081969" in HTML "https://opensource-demo.orangehrmlive.com/web/index.php/auth/login"  	[MsgId: MMSG-26659]
Login_Info.c(16): Found resource "https://opensource-demo.orangehrmlive.com/web/dist/js/app.js?v=1706326081969" in HTML "https://opensource-demo.orangehrmlive.com/web/index.php/auth/login"  	[MsgId: MMSG-26659]
Login_Info.c(16): web_submit_data("validate") was successful, 3531499 body bytes, 6621 header bytes, 24 chunking overhead bytes  	[MsgId: MMSG-26385]
Login_Info.c(29): web_url("time-at-work") started  	[MsgId: MMSG-26355]
Login_Info.c(29): Error -26546: Authentication required, please use "web_set_user", e.g. web_set_user("domain\\user", "password", "host:port");  	[MsgId: MERR-26546]
Login_Info.c(29): Error -26629: HTTP Status-Code=401 (Unauthorized) for "https://opensource-demo.orangehrmlive.com/web/index.php/api/v2/dashboard/employees/time-at-work?timezoneOffset=5.5&currentDate=2024-02-26&currentTime=14:45"  	[MsgId: MERR-26629]
End auto log messages stack.	[MsgId: MMSG-10544]

Start auto log messages stack - Iteration 23.	[MsgId: MMSG-10545]
Login_Info.c(16): Found resource "https://opensource-demo.orangehrmlive.com/web/dist/js/chunk-vendors.js?v=1706326081969" in HTML "https://opensource-demo.orangehrmlive.com/web/index.php/auth/login"  	[MsgId: MMSG-26659]
Login_Info.c(16): Found resource "https://opensource-demo.orangehrmlive.com/web/dist/js/app.js?v=1706326081969" in HTML "https://opensource-demo.orangehrmlive.com/web/index.php/auth/login"  	[MsgId: MMSG-26659]
Login_Info.c(16): web_submit_data("validate") was successful, 3531473 body bytes, 6621 header bytes, 24 chunking overhead bytes  	[MsgId: MMSG-26385]
Login_Info.c(29): web_url("time-at-work") started  	[MsgId: MMSG-26355]
Login_Info.c(29): Error -26546: Authentication required, please use "web_set_user", e.g. web_set_user("domain\\user", "password", "host:port");  	[MsgId: MERR-26546]
Login_Info.c(29): Error -26629: HTTP Status-Code=401 (Unauthorized) for "https://opensource-demo.orangehrmlive.com/web/index.php/api/v2/dashboard/employees/time-at-work?timezoneOffset=5.5&currentDate=2024-02-26&currentTime=14:45"  	[MsgId: MERR-26629]
End auto log messages stack.	[MsgId: MMSG-10544]

Start auto log messages stack - Iteration 24.	[MsgId: MMSG-10545]
Login_Info.c(16): Found resource "https://opensource-demo.orangehrmlive.com/web/dist/js/chunk-vendors.js?v=1706326081969" in HTML "https://opensource-demo.orangehrmlive.com/web/index.php/auth/login"  	[MsgId: MMSG-26659]
Login_Info.c(16): Found resource "https://opensource-demo.orangehrmlive.com/web/dist/js/app.js?v=1706326081969" in HTML "https://opensource-demo.orangehrmlive.com/web/index.php/auth/login"  	[MsgId: MMSG-26659]
Login_Info.c(16): web_submit_data("validate") was successful, 3531482 body bytes, 6621 header bytes, 24 chunking overhead bytes  	[MsgId: MMSG-26385]
Login_Info.c(29): web_url("time-at-work") started  	[MsgId: MMSG-26355]
Login_Info.c(29): Error -26546: Authentication required, please use "web_set_user", e.g. web_set_user("domain\\user", "password", "host:port");  	[MsgId: MERR-26546]
Login_Info.c(29): Error -26629: HTTP Status-Code=401 (Unauthorized) for "https://opensource-demo.orangehrmlive.com/web/index.php/api/v2/dashboard/employees/time-at-work?timezoneOffset=5.5&currentDate=2024-02-26&currentTime=14:45"  	[MsgId: MERR-26629]
End auto log messages stack.	[MsgId: MMSG-10544]

Start auto log messages stack - Iteration 25.	[MsgId: MMSG-10545]
Login_Info.c(16): Found resource "https://opensource-demo.orangehrmlive.com/web/dist/js/chunk-vendors.js?v=1706326081969" in HTML "https://opensource-demo.orangehrmlive.com/web/index.php/auth/login"  	[MsgId: MMSG-26659]
Login_Info.c(16): Found resource "https://opensource-demo.orangehrmlive.com/web/dist/js/app.js?v=1706326081969" in HTML "https://opensource-demo.orangehrmlive.com/web/index.php/auth/login"  	[MsgId: MMSG-26659]
Login_Info.c(16): web_submit_data("validate") was successful, 3531476 body bytes, 6621 header bytes, 24 chunking overhead bytes  	[MsgId: MMSG-26385]
Login_Info.c(29): web_url("time-at-work") started  	[MsgId: MMSG-26355]
Login_Info.c(29): Error -26546: Authentication required, please use "web_set_user", e.g. web_set_user("domain\\user", "password", "host:port");  	[MsgId: MERR-26546]
Login_Info.c(29): Error -26629: HTTP Status-Code=401 (Unauthorized) for "https://opensource-demo.orangehrmlive.com/web/index.php/api/v2/dashboard/employees/time-at-work?timezoneOffset=5.5&currentDate=2024-02-26&currentTime=14:45"  	[MsgId: MERR-26629]
End auto log messages stack.	[MsgId: MMSG-10544]

Start auto log messages stack - Iteration 26.	[MsgId: MMSG-10545]
Login_Info.c(16): Found resource "https://opensource-demo.orangehrmlive.com/web/dist/js/chunk-vendors.js?v=1706326081969" in HTML "https://opensource-demo.orangehrmlive.com/web/index.php/auth/login"  	[MsgId: MMSG-26659]
Login_Info.c(16): Found resource "https://opensource-demo.orangehrmlive.com/web/dist/js/app.js?v=1706326081969" in HTML "https://opensource-demo.orangehrmlive.com/web/index.php/auth/login"  	[MsgId: MMSG-26659]
Login_Info.c(16): web_submit_data("validate") was successful, 3531478 body bytes, 6621 header bytes, 24 chunking overhead bytes  	[MsgId: MMSG-26385]
Login_Info.c(29): web_url("time-at-work") started  	[MsgId: MMSG-26355]
Login_Info.c(29): Error -26546: Authentication required, please use "web_set_user", e.g. web_set_user("domain\\user", "password", "host:port");  	[MsgId: MERR-26546]
Login_Info.c(29): Error -26629: HTTP Status-Code=401 (Unauthorized) for "https://opensource-demo.orangehrmlive.com/web/index.php/api/v2/dashboard/employees/time-at-work?timezoneOffset=5.5&currentDate=2024-02-26&currentTime=14:45"  	[MsgId: MERR-26629]
End auto log messages stack.	[MsgId: MMSG-10544]

